<?xml version="1.0" encoding="UTF-8"?>
<!-- Generated by org.testng.reporters.JUnitReportReporter -->
<testsuite hostname="rk" failures="0" tests="1" name="driverfactory.AppTest" time="120.347" errors="0" timestamp="2024-02-28T15:07:30 IST" skipped="0">
  <testcase classname="driverfactory.AppTest" name="startTest" time="120.347">
    <system-out>
      <![CDATA[No of rows are::8
Customer Number Matching::Customer-00000002984       Customer-00000002984
Customer Number Matching::Customer-00000002985       Customer-00000002985
Customer Number Matching::Customer-00000002986       Customer-00000002986
Customer Number Matching::Customer-00000002987       Customer-00000002987
Customer Number Matching::Customer-00000002988       Customer-00000002988
Customer Number Matching::Customer-00000002989       Customer-00000002989
Customer Number Matching::Customer-00000002990       Customer-00000002990
Customer Number Matching::Customer-00000002991       Customer-00000002991]]>
    </system-out>
  </testcase> <!-- startTest -->
  <system-out>
    <![CDATA[No of rows are::8
Customer Number Matching::Customer-00000002984       Customer-00000002984
Customer Number Matching::Customer-00000002985       Customer-00000002985
Customer Number Matching::Customer-00000002986       Customer-00000002986
Customer Number Matching::Customer-00000002987       Customer-00000002987
Customer Number Matching::Customer-00000002988       Customer-00000002988
Customer Number Matching::Customer-00000002989       Customer-00000002989
Customer Number Matching::Customer-00000002990       Customer-00000002990
Customer Number Matching::Customer-00000002991       Customer-00000002991]]>
  </system-out>
</testsuite> <!-- driverfactory.AppTest -->
